<?xml version="1.0" encoding="UTF-8"?>
<!-- Generated by org.testng.reporters.JUnitReportReporter -->
<testsuite hostname="DESKTOP-LQ6L55O" failures="0" tests="14" name="Testcases.SafelockLogin" time="106.328" errors="0" timestamp="2024-09-30T16:58:43 IST" skipped="0">
  <testcase classname="Testcases.SafelockLogin" name="VERIFY_THAT_SAFELOCK_USER_ENTER_THE_ACTIVATION_CODE_ON_ACTIVATION_FIELD" time="3.569"/>
  <system-out/>
  <testcase classname="Testcases.SafelockLogin" name="VERIFY_THAT_USER_NAVIGATED_INTO_LOGIN_PAGE_AFTER_CLICKED_SUBMIT_BUTTON" time="2.276"/>
  <system-out/>
  <testcase classname="Testcases.SafelockLogin" name="VERIFY_THAT_USER_ABLE_TO_ENTER_THE_EMAIL_ID_WHEN_KEYBOARD_APPEARS_BY_DEFAULT" time="3.350"/>
  <system-out/>
  <testcase classname="Testcases.SafelockLogin" name="VERIFY_THAT_USER_ABLE_TO_ENTER_THE_PASSWORD_ON_THE_PASSWORD_FIELD" time="3.525"/>
  <system-out/>
  <testcase classname="Testcases.SafelockLogin" name="VERIFY_THAT_SAFELOCK_APP_LOGGED_IN_SUCCESSFULLY_BY_CLICK_ON_SUBMIT_BUTTON" time="4.839"/>
  <system-out/>
  <testcase classname="Testcases.SafelockLogin" name="VERIFY_THAT_CREATED_ACCESS_IS_LISTED_IN_THE_ACCESS_PAGE" time="3.292"/>
  <system-out/>
  <testcase classname="Testcases.SafelockLogin" name="VERIFY_THAT_BLUETOOTH_IS_ENALBED_BY_CLICKING_ON_ALLOW_BUUTON" time="3.753"/>
  <system-out/>
  <testcase classname="Testcases.SafelockLogin" name="VERIFY_THAT_LOCATION_IS_ALLOWED_BY_CLICKING_ON_ALLOW_OPTION" time="33.211"/>
  <system-out/>
  <testcase classname="Testcases.SafelockLogin" name="VERIFY_THAT_SELECTED_LOCK_IS_SEARCHED_AND_CONNECTED_TO_THE_DEVICE" time="5.114"/>
  <system-out/>
  <testcase classname="Testcases.SafelockLogin" name="VERIFY_THAT_USER_LOADED_WITH_OPEN_LOCK_PAGE_ALONG_WITH_CONTROLLER_DETAILS" time="9.835"/>
  <system-out/>
  <testcase classname="Testcases.SafelockLogin" name="VERIFY_THAT_USER_NAVIAGETED_INTO_GET_OTP_SCREEN_SUCCESSFULLY" time="11.344"/>
  <system-out/>
  <testcase classname="Testcases.SafelockLogin" name="VERIFY_THAT_LOCK_OPENED_SUCCESSFILLY_AFTER_ENTERED_THE_OTP_By_Click_Submit_AND_STATUS_CHANGED_INTO_OPENED" time="6.567"/>
  <system-out/>
  <testcase classname="Testcases.SafelockLogin" name="VERIFY_THAT_LOCK_AUTOMATICALLY_CLOSED_AFTER_CONFIGURED_SECONDS_AND_STATUS_CHANGED_INTO_CLSOED" time="11.300"/>
  <system-out/>
  <testcase classname="Testcases.SafelockLogin" name="VERIFY_THAT_ALL_THE_PENDING_SYNC_EVENTS_SYNCED_SUCCESSFULLY" time="4.353"/>
  <system-out/>
</testsuite> <!-- Testcases.SafelockLogin -->
