<?xml version="1.0" encoding="UTF-8"?>
<!-- Generated by org.testng.reporters.JUnitReportReporter -->
<testsuite hostname="DESKTOP-LQ6L55O" failures="0" tests="15" name="Testcases.AlreadyhaveanOTP" time="16.727" errors="1" timestamp="2024-09-25T15:28:25 IST" skipped="14">
  <testcase classname="Testcases.AlreadyhaveanOTP" name="setupMobileDriver" time="16.727">
    <error message="Could not start a new session. Response code 500. Message: An unknown server-side error occurred while processing the command. Original error: The instrumentation process cannot be initialized. Make sure the application under test does not crash and investigate the logcat output. 
Host info: host: &#039;DESKTOP-LQ6L55O&#039;, ip: &#039;192.168.16.167&#039;
Build info: version: &#039;4.21.0&#039;, revision: &#039;79ed462ef4&#039;
System info: os.name: &#039;Windows 10&#039;, os.arch: &#039;amd64&#039;, os.version: &#039;10.0&#039;, java.version: &#039;11.0.24&#039;
Driver info: io.appium.java_client.android.AndroidDriver
Command: [null, newSession {capabilities=[Capabilities {appium:app: F:\selyek 40.apk, appium:automationName: UiAutomator2, appium:commandTimeout: 600, appium:deviceName: TKW88H9TONSSQG6D, appium:newCommandTimeout: 600, appium:platformName: Android, appium:platformVersion: 12, platformName: ANDROID}]}]
Capabilities {appium:app: F:\selyek 40.apk, appium:automationName: UiAutomator2, appium:commandTimeout: 600, appium:deviceName: TKW88H9TONSSQG6D, appium:newCommandTimeout: 600, appium:platformName: Android, appium:platformVersion: 12, platformName: ANDROID}" type="org.openqa.selenium.SessionNotCreatedException">
      <![CDATA[org.openqa.selenium.SessionNotCreatedException: Could not start a new session. Response code 500. Message: An unknown server-side error occurred while processing the command. Original error: The instrumentation process cannot be initialized. Make sure the application under test does not crash and investigate the logcat output. 
Host info: host: 'DESKTOP-LQ6L55O', ip: '192.168.16.167'
Build info: version: '4.21.0', revision: '79ed462ef4'
System info: os.name: 'Windows 10', os.arch: 'amd64', os.version: '10.0', java.version: '11.0.24'
Driver info: io.appium.java_client.android.AndroidDriver
Command: [null, newSession {capabilities=[Capabilities {appium:app: F:\selyek 40.apk, appium:automationName: UiAutomator2, appium:commandTimeout: 600, appium:deviceName: TKW88H9TONSSQG6D, appium:newCommandTimeout: 600, appium:platformName: Android, appium:platformVersion: 12, platformName: ANDROID}]}]
Capabilities {appium:app: F:\selyek 40.apk, appium:automationName: UiAutomator2, appium:commandTimeout: 600, appium:deviceName: TKW88H9TONSSQG6D, appium:newCommandTimeout: 600, appium:platformName: Android, appium:platformVersion: 12, platformName: ANDROID}
at org.openqa.selenium.remote.ProtocolHandshake.createSession(ProtocolHandshake.java:114)
at org.openqa.selenium.remote.ProtocolHandshake.createSession(ProtocolHandshake.java:75)
at org.openqa.selenium.remote.ProtocolHandshake.createSession(ProtocolHandshake.java:61)
at io.appium.java_client.remote.AppiumCommandExecutor.createSession(AppiumCommandExecutor.java:176)
at io.appium.java_client.remote.AppiumCommandExecutor.execute(AppiumCommandExecutor.java:237)
at org.openqa.selenium.remote.RemoteWebDriver.execute(RemoteWebDriver.java:518)
at io.appium.java_client.AppiumDriver.startSession(AppiumDriver.java:270)
at org.openqa.selenium.remote.RemoteWebDriver.<init>(RemoteWebDriver.java:161)
at io.appium.java_client.AppiumDriver.<init>(AppiumDriver.java:91)
at io.appium.java_client.AppiumDriver.<init>(AppiumDriver.java:103)
at io.appium.java_client.android.AndroidDriver.<init>(AndroidDriver.java:109)
at Basesetup.Basesetup.setupMobileDriver(Basesetup.java:59)
at java.base/jdk.internal.reflect.NativeMethodAccessorImpl.invoke0(Native Method)
at java.base/jdk.internal.reflect.NativeMethodAccessorImpl.invoke(NativeMethodAccessorImpl.java:62)
at java.base/jdk.internal.reflect.DelegatingMethodAccessorImpl.invoke(DelegatingMethodAccessorImpl.java:43)
at java.base/java.lang.reflect.Method.invoke(Method.java:566)
at org.testng.internal.MethodInvocationHelper.invokeMethod(MethodInvocationHelper.java:133)
at org.testng.internal.MethodInvocationHelper.invokeMethodConsideringTimeout(MethodInvocationHelper.java:62)
at org.testng.internal.ConfigInvoker.invokeConfigurationMethod(ConfigInvoker.java:385)
at org.testng.internal.ConfigInvoker.invokeConfigurations(ConfigInvoker.java:321)
at org.testng.SuiteRunner.privateRun(SuiteRunner.java:317)
at org.testng.SuiteRunner.run(SuiteRunner.java:276)
at org.testng.SuiteRunnerWorker.runSuite(SuiteRunnerWorker.java:53)
at org.testng.SuiteRunnerWorker.run(SuiteRunnerWorker.java:96)
at org.testng.TestNG.runSuitesSequentially(TestNG.java:1212)
at org.testng.TestNG.runSuitesLocally(TestNG.java:1134)
at org.testng.TestNG.runSuites(TestNG.java:1063)
at org.testng.TestNG.run(TestNG.java:1031)
at org.testng.remote.AbstractRemoteTestNG.run(AbstractRemoteTestNG.java:115)
at org.testng.remote.RemoteTestNG.initAndRun(RemoteTestNG.java:293)
at org.testng.remote.RemoteTestNG.main(RemoteTestNG.java:91)
]]>
    </error>
  </testcase> <!-- setupMobileDriver -->
  <system-out/>
  <testcase classname="Testcases.AlreadyhaveanOTP" name="VERIFY_THAT_SAFELOCK_USER_ENTER_THE_ACTIVATION_CODE_ON_ACTIVATION_FIELD" time="0.000">
    <skipped/>
  </testcase> <!-- VERIFY_THAT_SAFELOCK_USER_ENTER_THE_ACTIVATION_CODE_ON_ACTIVATION_FIELD -->
  <system-out/>
  <testcase classname="Testcases.AlreadyhaveanOTP" name="VERIFY_THAT_USER_NAVIGATED_INTO_LOGIN_PAGE_AFTER_CLICKED_SUBMIT_BUTTON" time="0.000">
    <skipped/>
  </testcase> <!-- VERIFY_THAT_USER_NAVIGATED_INTO_LOGIN_PAGE_AFTER_CLICKED_SUBMIT_BUTTON -->
  <system-out/>
  <testcase classname="Testcases.AlreadyhaveanOTP" name="VERIFY_THAT_USER_ABLE_TO_ENTER_THE_EMAIL_ID_WHEN_KEYBOARD_APPEARS_BY_DEFAULT" time="0.000">
    <skipped/>
  </testcase> <!-- VERIFY_THAT_USER_ABLE_TO_ENTER_THE_EMAIL_ID_WHEN_KEYBOARD_APPEARS_BY_DEFAULT -->
  <system-out/>
  <testcase classname="Testcases.AlreadyhaveanOTP" name="VERIFY_THAT_USER_ABLE_TO_ENTER_THE_PASSWORD_ON_THE_PASSWORD_FIELD" time="0.000">
    <skipped/>
  </testcase> <!-- VERIFY_THAT_USER_ABLE_TO_ENTER_THE_PASSWORD_ON_THE_PASSWORD_FIELD -->
  <system-out/>
  <testcase classname="Testcases.AlreadyhaveanOTP" name="VERIFY_THAT_SAFELOCK_APP_LOGGED_IN_SUCCESSFULLY_BY_CLICK_ON_SUBMIT_BUTTON" time="0.000">
    <skipped/>
  </testcase> <!-- VERIFY_THAT_SAFELOCK_APP_LOGGED_IN_SUCCESSFULLY_BY_CLICK_ON_SUBMIT_BUTTON -->
  <system-out/>
  <testcase classname="Testcases.AlreadyhaveanOTP" name="VERIFY_THAT_CREATED_ACCESS_IS_LISTED_IN_THE_ACCESS_PAGE" time="0.000">
    <skipped/>
  </testcase> <!-- VERIFY_THAT_CREATED_ACCESS_IS_LISTED_IN_THE_ACCESS_PAGE -->
  <system-out/>
  <testcase classname="Testcases.AlreadyhaveanOTP" name="VERIFY_THAT_BLUETOOTH_IS_ENALBED_BY_CLICKING_ON_ALLOW_BUUTON" time="0.000">
    <skipped/>
  </testcase> <!-- VERIFY_THAT_BLUETOOTH_IS_ENALBED_BY_CLICKING_ON_ALLOW_BUUTON -->
  <system-out/>
  <testcase classname="Testcases.AlreadyhaveanOTP" name="VERIFY_THAT_LOCATION_IS_ALLOWED_BY_CLICKING_ON_ALLOW_OPTION" time="0.000">
    <skipped/>
  </testcase> <!-- VERIFY_THAT_LOCATION_IS_ALLOWED_BY_CLICKING_ON_ALLOW_OPTION -->
  <system-out/>
  <testcase classname="Testcases.AlreadyhaveanOTP" name="VERIFY_THAT_SELECTED_LOCK_IS_SEARCHED_AND_CONNECTED_TO_THE_DEVICE" time="0.000">
    <skipped/>
  </testcase> <!-- VERIFY_THAT_SELECTED_LOCK_IS_SEARCHED_AND_CONNECTED_TO_THE_DEVICE -->
  <system-out/>
  <testcase classname="Testcases.AlreadyhaveanOTP" name="VERIFY_THAT_USER_LOADED_WITH_OPEN_LOCK_PAGE_ALONG_WITH_CONTROLLER_DETAILS" time="0.000">
    <skipped/>
  </testcase> <!-- VERIFY_THAT_USER_LOADED_WITH_OPEN_LOCK_PAGE_ALONG_WITH_CONTROLLER_DETAILS -->
  <system-out/>
  <testcase classname="Testcases.AlreadyhaveanOTP" name="VERIFY_THAT_USER_NAVIAGETED_INTO_GET_OTP_SCREEN_SUCCESSFULLY" time="0.000">
    <skipped/>
  </testcase> <!-- VERIFY_THAT_USER_NAVIAGETED_INTO_GET_OTP_SCREEN_SUCCESSFULLY -->
  <system-out/>
  <testcase classname="Testcases.AlreadyhaveanOTP" name="VERIFY_THAT_LOCK_OPENED_SUCCESSFILLY_AFTER_ENTERED_THE_OTP_By_Click_Submit_AND_STATUS_CHANGED_INTO_OPENED" time="0.000">
    <skipped/>
  </testcase> <!-- VERIFY_THAT_LOCK_OPENED_SUCCESSFILLY_AFTER_ENTERED_THE_OTP_By_Click_Submit_AND_STATUS_CHANGED_INTO_OPENED -->
  <system-out/>
  <testcase classname="Testcases.AlreadyhaveanOTP" name="VERIFY_THAT_LOCK_AUTOMATICALLY_CLOSED_AFTER_CONFIGURED_SECONDS_AND_STATUS_CHANGED_INTO_CLSOED" time="0.000">
    <skipped/>
  </testcase> <!-- VERIFY_THAT_LOCK_AUTOMATICALLY_CLOSED_AFTER_CONFIGURED_SECONDS_AND_STATUS_CHANGED_INTO_CLSOED -->
  <system-out/>
  <testcase classname="Testcases.AlreadyhaveanOTP" name="VERIFY_THAT_ALL_THE_PENDING_SYNC_EVENTS_SYNCED_SUCCESSFULLY" time="0.000">
    <skipped/>
  </testcase> <!-- VERIFY_THAT_ALL_THE_PENDING_SYNC_EVENTS_SYNCED_SUCCESSFULLY -->
  <system-out/>
</testsuite> <!-- Testcases.AlreadyhaveanOTP -->
